INFO:     Will watch for changes in these directories: ['/home/shoxrux/Desktop/bmi/backend']
INFO:     Uvicorn running on http://127.0.0.1:8000 (Press CTRL+C to quit)
INFO:     Started reloader process [16088] using WatchFiles
INFO:     Started server process [16091]
INFO:     Waiting for applicaWARNING:  WatchFiles detected changes in 'app/services/nlp_service.py'. Reloading...
ERROR:    Error loading ASGI app. Could not import module "app.main".
WARNING:  WatchFiles detected changes in 'app/schemas/schemas.py'. Reloading...
ERROR:    Error loading ASGI app. Could not import module "app.main".
WARNING:  WatchFiles detected changes in 'app/models/history.py'. Reloading...
ERROR:    Error loading ASGI app. Could not import module "app.main".
WARNING:  WatchFiles detected changes in 'app/api/endpoints/analysis.py'. Reloading...
ERROR:    Error loading ASGI app. Could not import module "app.main".
WARNING:  WatchFiles detected changes in 'alembic/env.py'. Reloading...
ERROR:    Error loading ASGI app. Could not import module "app.main".
WARNING:  WatchFiles detected changes in 'alembic/env.py'. Reloading...
ERROR:    Error loading ASGI app. Could not import module "app.main".
WARNING:  WatchFiles detected changes in 'alembic/versions/7b36a9e4bdd9_add_new_nlp_columns_to_history.py'. Reloading...
ERROR:    Error loading ASGI app. Could not import module "app.main".
 270, in start
    await greenlet_spawn(self.sync_engine.connect)
  File "/home/shoxrux/Desktop/bmi/.venv/lib/python3.12/site-packages/sqlalchemy/util/_concurrency_py3k.py", line 197, in greenlet_spawn
    result = context.throw(*sys.exc_info())
             ^^^^^^^^^^^^^^^^^^^^^^^^^^^^^^
  File "/home/shoxrux/Desktop/bmi/.venv/lib/python3.12/site-packages/sqlalchemy/engine/base.py", line 3258, in connect
    return self._connection_cls(self)
           ^^^^^^^^^^^^^^^^^^^^^^^^^^
  File "/home/shoxrux/Desktop/bmi/.venv/lib/python3.12/site-packages/sqlalchemy/engine/base.py", line 145, in __init__
    self._dbapi_connection = engine.raw_connection()
                             ^^^^^^^^^^^^^^^^^^^^^^^
  File "/home/shoxrux/Desktop/bmi/.venv/lib/python3.12/site-packages/sqlalchemy/engine/base.py", line 3282, in raw_connection
    return self.pool.connect()
           ^^^^^^^^^^^^^^^^^^^
  File "/home/shoxrux/Desktop/bmi/.venv/lib/python3.12/site-packages/sqlalchemy/pool/base.py", line 449, in connect
    return _ConnectionFairy._checkout(self)
           ^^^^^^^^^^^^^^^^^^^^^^^^^^^^^^^^
  File "/home/shoxrux/Desktop/bmi/.venv/lib/python3.12/site-packages/sqlalchemy/pool/base.py", line 1263, in _checkout
    fairy = _ConnectionRecord.checkout(pool)
            ^^^^^^^^^^^^^^^^^^^^^^^^^^^^^^^^
  File "/home/shoxrux/Desktop/bmi/.venv/lib/python3.12/site-packages/sqlalchemy/pool/base.py", line 712, in checkout
    rec = pool._do_get()
          ^^^^^^^^^^^^^^
  File "/home/shoxrux/Desktop/bmi/.venv/lib/python3.12/site-packages/sqlalchemy/pool/impl.py", line 168, in _do_get
    with util.safe_reraise():
  File "/home/shoxrux/Desktop/bmi/.venv/lib/python3.12/site-packages/sqlalchemy/util/langhelpers.py", line 146, in __exit__
    raise exc_value.with_traceback(exc_tb)
  File "/home/shoxrux/Desktop/bmi/.venv/lib/python3.12/site-packages/sqlalchemy/pool/impl.py", line 166, in _do_get
    return self._create_connection()
           ^^^^^^^^^^^^^^^^^^^^^^^^^
  File "/home/shoxrux/Desktop/bmi/.venv/lib/python3.12/site-packages/sqlalchemy/pool/base.py", line 390, in _create_connection
    return _ConnectionRecord(self)
           ^^^^^^^^^^^^^^^^^^^^^^^
  File "/home/shoxrux/Desktop/bmi/.venv/lib/python3.12/site-packages/sqlalchemy/pool/base.py", line 674, in __init__
    self.__connect()
  File "/home/shoxrux/Desktop/bmi/.venv/lib/python3.12/site-packages/sqlalchemy/pool/base.py", line 900, in __connect
    with util.safe_reraise():
  File "/home/shoxrux/Desktop/bmi/.venv/lib/python3.12/site-packages/sqlalchemy/util/langhelpers.py", line 146, in __exit__
    raise exc_value.with_traceback(exc_tb)
  File "/home/shoxrux/Desktop/bmi/.venv/lib/python3.12/site-packages/sqlalchemy/pool/base.py", line 896, in __connect
    self.dbapi_connection = connection = pool._invoke_creator(self)
                                         ^^^^^^^^^^^^^^^^^^^^^^^^^^
  File "/home/shoxrux/Desktop/bmi/.venv/lib/python3.12/site-packages/sqlalchemy/engine/create.py", line 643, in connect
    return dialect.connect(*cargs, **cparams)
           ^^^^^^^^^^^^^^^^^^^^^^^^^^^^^^^^^^
  File "/home/shoxrux/Desktop/bmi/.venv/lib/python3.12/site-packages/sqlalchemy/engine/default.py", line 616, in connect
    return self.loaded_dbapi.connect(*cargs, **cparams)
           ^^^^^^^^^^^^^^^^^^^^^^^^^^^^^^^^^^^^^^^^^^^^
  File "/home/shoxrux/Desktop/bmi/.venv/lib/python3.12/site-packages/sqlalchemy/dialects/postgresql/asyncpg.py", line 937, in connect
    await_only(creator_fn(*arg, **kw)),
    ^^^^^^^^^^^^^^^^^^^^^^^^^^^^^^^^^^
  File "/home/shoxrux/Desktop/bmi/.venv/lib/python3.12/site-packages/sqlalchemy/util/_concurrency_py3k.py", line 127, in await_only
    return current.driver.switch(awaitable)  # type: ignore[no-any-return]
           ^^^^^^^^^^^^^^^^^^^^^^^^^^^^^^^^
  File "/home/shoxrux/Desktop/bmi/.venv/lib/python3.12/site-packages/sqlalchemy/util/_concurrency_py3k.py", line 192, in greenlet_spawn
    value = await result
            ^^^^^^^^^^^^
  File "/home/shoxrux/Desktop/bmi/.venv/lib/python3.12/site-packages/asyncpg/connection.py", line 2329, in connect
    return await connect_utils._connect(
           ^^^^^^^^^^^^^^^^^^^^^^^^^^^^^
  File "/home/shoxrux/Desktop/bmi/.venv/lib/python3.12/site-packages/asyncpg/connect_utils.py", line 1017, in _connect
    raise last_error or exceptions.TargetServerAttributeNotMatched(
  File "/home/shoxrux/Desktop/bmi/.venv/lib/python3.12/site-packages/asyncpg/connect_utils.py", line 991, in _connect
    conn = await _connect_addr(
           ^^^^^^^^^^^^^^^^^^^^
  File "/home/shoxrux/Desktop/bmi/.venv/lib/python3.12/site-packages/asyncpg/connect_utils.py", line 828, in _connect_addr
    return await __connect_addr(params, True, *args)
           ^^^^^^^^^^^^^^^^^^^^^^^^^^^^^^^^^^^^^^^^^
  File "/home/shoxrux/Desktop/bmi/.venv/lib/python3.12/site-packages/asyncpg/connect_utils.py", line 873, in __connect_addr
    tr, pr = await connector
             ^^^^^^^^^^^^^^^
  File "/home/shoxrux/Desktop/bmi/.venv/lib/python3.12/site-packages/asyncpg/connect_utils.py", line 744, in _create_ssl_connection
    tr, pr = await loop.create_connection(
             ^^^^^^^^^^^^^^^^^^^^^^^^^^^^^
  File "uvloop/loop.pyx", line 2043, in create_connection
  File "uvloop/loop.pyx", line 2020, in uvloop.loop.Loop.create_connection
ConnectionRefusedError: [Errno 111] Connection refused

ERROR:    Application startup failed. Exiting.
INFO:     Stopping reloader process [16088]
